INFO:root:---------Prepare DataSet for CLSTM--------
INFO:root:Load enhanced dataset before DataLoader from cache at dataset_cache/dataset_cache_CREMI
INFO:root:Start Training CLSTM for TOPO Attention
GPU:  4
Epoch 1 Train loss: 0.49530472606420517 Train acc 0.8033919542857142
Epoch 2 Train loss: 0.4780378405536924 Train acc 0.8033184304761904
Epoch 3 Train loss: 0.44816785412175314 Train acc 0.8032787123809525
Epoch 4 Train loss: 0.43893281654233024 Train acc 0.8032205333333332
Epoch 5 Train loss: 0.4324632148657526 Train acc 0.8032660419047618
Val loss: 0.4372759671455406 val acc: 0.8054164356626503
Epoch 6 Train loss: 0.4433647770257223 Train acc 0.8039952990476193
Epoch 7 Train loss: 0.4405862873508817 Train acc 0.8036162438095237
Epoch 8 Train loss: 0.42338019396577564 Train acc 0.8163825295238095
Epoch 9 Train loss: 0.3675060648293722 Train acc 0.8557764114285714
Epoch 10 Train loss: 0.3292002170568421 Train acc 0.8786661790476189
Val loss: 0.3419937069516584 val acc: 0.8709554737349403
Epoch 11 Train loss: 0.3109014183282852 Train acc 0.8906424914285715
Epoch 12 Train loss: 0.3167776827301298 Train acc 0.8917384228571424
Epoch 13 Train loss: 0.2999175283170882 Train acc 0.8968118399999999
Epoch 14 Train loss: 0.30558823190984274 Train acc 0.8916842438095239
Epoch 15 Train loss: 0.27468181862717583 Train acc 0.914427580952381
Val loss: 0.2829666257084134 val acc: 0.9087664886746982
Epoch 16 Train loss: 0.26845753175162135 Train acc 0.9200000914285714
Epoch 17 Train loss: 0.2537244407548791 Train acc 0.9263635580952381
Epoch 18 Train loss: 0.24697361141443253 Train acc 0.9313922971428571
Epoch 19 Train loss: 0.2449096306448891 Train acc 0.9315332114285714
Epoch 20 Train loss: 0.2346245681955701 Train acc 0.9388366704761908
Val loss: 0.24397863555385405 val acc: 0.9328493648192767
Epoch 21 Train loss: 0.2291432305106095 Train acc 0.9418902019047618
Epoch 22 Train loss: 0.23848760447331838 Train acc 0.9351902704761903
Epoch 23 Train loss: 0.22931396216154099 Train acc 0.9407146742857142
Epoch 24 Train loss: 0.22204331610174405 Train acc 0.9458382171428574
Epoch 25 Train loss: 0.22213772932688394 Train acc 0.9451730285714289
Val loss: 0.22833563261721507 val acc: 0.9411090351807228
Epoch 26 Train loss: 0.2269799904454322 Train acc 0.9432175619047621
Epoch 27 Train loss: 0.2256353245604606 Train acc 0.9432724342857144
Epoch 28 Train loss: 0.22382346061723574 Train acc 0.9445726857142858
Epoch 29 Train loss: 0.23227022730168842 Train acc 0.9402461028571426
Epoch 30 Train loss: 0.22000182703846977 Train acc 0.946046674285714
Val loss: 0.2291402504386672 val acc: 0.9401522120481928
Epoch 31 Train loss: 0.21607239313778423 Train acc 0.948972502857143
Epoch 32 Train loss: 0.218391707078332 Train acc 0.9472403428571425
Epoch 33 Train loss: 0.218162545136043 Train acc 0.949241782857143
Epoch 34 Train loss: 0.21324011967295692 Train acc 0.9505865142857143
Epoch 35 Train loss: 0.2119003882010778 Train acc 0.9516655542857148
Val loss: 0.21689705703272877 val acc: 0.9485122930120481
Epoch 36 Train loss: 0.21011363643975484 Train acc 0.9528127466666664
Epoch 37 Train loss: 0.22134208537283398 Train acc 0.9457695161904764
Epoch 38 Train loss: 0.2094512636817637 Train acc 0.9527879009523808
Epoch 39 Train loss: 0.21162957502972513 Train acc 0.9521498742857143
Epoch 40 Train loss: 0.2079092398995445 Train acc 0.953911740952381
Val loss: 0.21395364044660545 val acc: 0.949939616385542
Epoch 41 Train loss: 0.21187068859026545 Train acc 0.9512835961904759
Epoch 42 Train loss: 0.20795941672154836 Train acc 0.9538021104761905
Epoch 43 Train loss: 0.2112777353752227 Train acc 0.9516866285714287
Epoch 44 Train loss: 0.20611281728460676 Train acc 0.9550325409523811
Epoch 45 Train loss: 0.21369772475390209 Train acc 0.949831657142857
Val loss: 0.21790827397840568 val acc: 0.9470428530120484
Epoch 46 Train loss: 0.20454281195998192 Train acc 0.956080975238095
Epoch 47 Train loss: 0.2089771270042374 Train acc 0.9532082514285717
Epoch 48 Train loss: 0.2179904039062205 Train acc 0.9471048761904763
Epoch 49 Train loss: 0.21502449257033213 Train acc 0.948964700952381
Epoch 50 Train loss: 0.20527249397266478 Train acc 0.955342415238095
Val loss: 0.21122421422995716 val acc: 0.9514376327710847
Epoch 51 Train loss: 0.2059067271295048 Train acc 0.9554839695238097
Epoch 52 Train loss: 0.20551935849445208 Train acc 0.9550179657142857
Epoch 53 Train loss: 0.2022564122009845 Train acc 0.9571369904761904
Epoch 54 Train loss: 0.20106840559414454 Train acc 0.9581925638095241
Epoch 55 Train loss: 0.2015042132919743 Train acc 0.957704777142857
Val loss: 0.20908277445887946 val acc: 0.9526877763855425
Epoch 56 Train loss: 0.20069512707136927 Train acc 0.9583774857142862
Epoch 57 Train loss: 0.20125480971875645 Train acc 0.9576096228571431
Epoch 58 Train loss: 0.20064222369165646 Train acc 0.9585788876190475
Epoch 59 Train loss: 0.2002893029933884 Train acc 0.9582606628571424
Epoch 60 Train loss: 0.20397782449920973 Train acc 0.9559458666666665
Val loss: 0.21394276295799808 val acc: 0.9495814168674694
Epoch 61 Train loss: 0.2017544245436078 Train acc 0.9572326476190479
Epoch 62 Train loss: 0.20062094199515523 Train acc 0.9583593980952384
Epoch 63 Train loss: 0.19913226099950926 Train acc 0.95885811047619
Epoch 64 Train loss: 0.19958390650295077 Train acc 0.9588838323809525
Epoch 65 Train loss: 0.19888954219363986 Train acc 0.959555870476191
Val loss: 0.20504253106303963 val acc: 0.9554096886746988
Epoch 66 Train loss: 0.20517021027349291 Train acc 0.9551656076190478
Epoch 67 Train loss: 0.19779680527391888 Train acc 0.9598560533333333
Epoch 68 Train loss: 0.1980321125260421 Train acc 0.9596571047619051
Epoch 69 Train loss: 0.19740256223650204 Train acc 0.9607248
Epoch 70 Train loss: 0.19958546846395447 Train acc 0.9586797561904761
Val loss: 0.2048363876809557 val acc: 0.9551671672289154
Epoch 71 Train loss: 0.1972051044659955 Train acc 0.9604526171428573
Epoch 72 Train loss: 0.19766720437577792 Train acc 0.9600504838095242
Epoch 73 Train loss: 0.2019804081036931 Train acc 0.9572119619047619
Epoch 74 Train loss: 0.19673628058461917 Train acc 0.9608356419047613
Epoch 75 Train loss: 0.1975419900956608 Train acc 0.9596667733333335
Val loss: 0.20409822589661702 val acc: 0.9553423730120487
Epoch 76 Train loss: 0.20063846700248264 Train acc 0.958005051428572
Epoch 77 Train loss: 0.19881815055296534 Train acc 0.9592829942857141
Epoch 78 Train loss: 0.1966750614699863 Train acc 0.9606583085714288
Epoch 79 Train loss: 0.19607928377531825 Train acc 0.9609366476190478
Epoch 80 Train loss: 0.19876855771456445 Train acc 0.959002575238095
Val loss: 0.20481908357287026 val acc: 0.9550092028915662
Epoch 81 Train loss: 0.20368425015892302 Train acc 0.9561831466666671
Epoch 82 Train loss: 0.19544789319237074 Train acc 0.9617359390476193
Epoch 83 Train loss: 0.1959508852589698 Train acc 0.9611827123809521
Epoch 84 Train loss: 0.19565943486633755 Train acc 0.9611022552380957
Epoch 85 Train loss: 0.19606793104183107 Train acc 0.9610232533333335
Val loss: 0.20455767725964627 val acc: 0.9554163045783133
Epoch 86 Train loss: 0.19617731922439166 Train acc 0.96084624
Epoch 87 Train loss: 0.19444781896613894 Train acc 0.9619422857142853
Epoch 88 Train loss: 0.19606949850207284 Train acc 0.960981043809524
Epoch 89 Train loss: 0.19572199614984648 Train acc 0.961024601904762
Epoch 90 Train loss: 0.20941387223345892 Train acc 0.9526962819047617
Val loss: 0.21487555688763238 val acc: 0.9491486843373494
Epoch 91 Train loss: 0.19440838144648642 Train acc 0.9622000380952384
Epoch 92 Train loss: 0.1936320328996295 Train acc 0.9626103695238093
Epoch 93 Train loss: 0.1949802546628884 Train acc 0.9616399085714287
Epoch 94 Train loss: 0.19643804448701085 Train acc 0.9607184457142859
Epoch 95 Train loss: 0.19395818366181283 Train acc 0.9621582780952384
Val loss: 0.20196442395807748 val acc: 0.9568489946987955
Epoch 96 Train loss: 0.19524883212787764 Train acc 0.9613893714285718
Epoch 97 Train loss: 0.19410216861537524 Train acc 0.9622086476190477
Epoch 98 Train loss: 0.19370979460931959 Train acc 0.9625266742857147
Epoch 99 Train loss: 0.19443045432368913 Train acc 0.962291900952381
Epoch 100 Train loss: 0.1937628381309055 Train acc 0.9628305066666668
Val loss: 0.2018820285258523 val acc: 0.9573548106024093
Epoch 101 Train loss: 0.19272586933913685 Train acc 0.9630468190476191
Epoch 102 Train loss: 0.1933483004215218 Train acc 0.9625993523809523
Epoch 103 Train loss: 0.195434723226797 Train acc 0.9612775619047615
Epoch 104 Train loss: 0.1919189929252579 Train acc 0.9637430323809524
Epoch 105 Train loss: 0.19238811482985815 Train acc 0.9632496609523811
Val loss: 0.20088977205107011 val acc: 0.9576366110843374
Epoch 106 Train loss: 0.19355668979031698 Train acc 0.9625325561904762
Epoch 107 Train loss: 0.1916800836722056 Train acc 0.9638533866666666
Epoch 108 Train loss: 0.1918287557505426 Train acc 0.9635884647619049
Epoch 109 Train loss: 0.1919870005831832 Train acc 0.9636440457142857
Epoch 110 Train loss: 0.1916882505729085 Train acc 0.9638090285714288
Val loss: 0.19998397615300603 val acc: 0.9582332453012049
Epoch 111 Train loss: 0.19144870979445322 Train acc 0.9639346971428571
Epoch 112 Train loss: 0.19170959205144927 Train acc 0.9637246933333339
Epoch 113 Train loss: 0.19131570699669065 Train acc 0.9640352761904765
Epoch 114 Train loss: 0.19131289936956905 Train acc 0.9642600228571432
Epoch 115 Train loss: 0.19265217866216386 Train acc 0.9630442057142858
Val loss: 0.2020896834781371 val acc: 0.9567978255421689
Epoch 116 Train loss: 0.19286980817005747 Train acc 0.9629450895238099
Epoch 117 Train loss: 0.19098720894682975 Train acc 0.964298582857143
Epoch 118 Train loss: 0.1922339005839257 Train acc 0.9634550857142863
Epoch 119 Train loss: 0.19091453970897765 Train acc 0.9642843580952383
Epoch 120 Train loss: 0.19109932581583658 Train acc 0.9642925180952382
Val loss: 0.19905639592423496 val acc: 0.9589167807228913
Epoch 121 Train loss: 0.1913616769015789 Train acc 0.9640476723809526
Epoch 122 Train loss: 0.19069823871056238 Train acc 0.9643642742857146
Epoch 123 Train loss: 0.19121040563498223 Train acc 0.9639531428571424
Epoch 124 Train loss: 0.19103937720259032 Train acc 0.9640138361904762
Epoch 125 Train loss: 0.19120260558667637 Train acc 0.9642344228571428
Val loss: 0.20015841489096722 val acc: 0.9582174534939762
Epoch 126 Train loss: 0.19094266494115195 Train acc 0.9644464838095237
Epoch 127 Train loss: 0.1911601988332612 Train acc 0.9639736076190479
Epoch 128 Train loss: 0.1911261464868273 Train acc 0.9639472914285717
Epoch 129 Train loss: 0.1910836829670838 Train acc 0.9640181333333334
Epoch 130 Train loss: 0.1912787707433814 Train acc 0.9638706514285713
Val loss: 0.19950622050877076 val acc: 0.9584439363855423
Epoch 131 Train loss: 0.19065541206371217 Train acc 0.9646476495238095
Epoch 132 Train loss: 0.19270550690236546 Train acc 0.9631515504761904
Epoch 133 Train loss: 0.1913029948870341 Train acc 0.9640361523809521
Epoch 134 Train loss: 0.19030780114588283 Train acc 0.9645701638095239
Epoch 135 Train loss: 0.19040465408137866 Train acc 0.9646586590476193
Val loss: 0.2000186720705894 val acc: 0.9581896481927711
Epoch 136 Train loss: 0.1905159382593064 Train acc 0.9645772342857142
Epoch 137 Train loss: 0.1904826242299307 Train acc 0.9646902704761899
Epoch 138 Train loss: 0.19053301055516517 Train acc 0.9643872
Epoch 139 Train loss: 0.19015888656888688 Train acc 0.9648411123809527
Epoch 140 Train loss: 0.1901830275143896 Train acc 0.9647976076190471
Val loss: 0.1988965699292091 val acc: 0.9589437069879514
Epoch 141 Train loss: 0.18978216960316613 Train acc 0.9650828876190476
Epoch 142 Train loss: 0.1902705342287109 Train acc 0.9645580571428573
Epoch 143 Train loss: 0.18989462103872073 Train acc 0.9650802057142857
Epoch 144 Train loss: 0.19039352220438777 Train acc 0.9649589485714285
Epoch 145 Train loss: 0.19190478768377078 Train acc 0.9633972647619043
Val loss: 0.19994843383151364 val acc: 0.9581610101204817
Epoch 146 Train loss: 0.19007051239411035 Train acc 0.9648543390476189
Epoch 147 Train loss: 0.1894548615174634 Train acc 0.9652038095238096
Epoch 148 Train loss: 0.1894452923110553 Train acc 0.9651477409523811
Epoch 149 Train loss: 0.18958197888873873 Train acc 0.9651007466666665
Epoch 150 Train loss: 0.1895910222970304 Train acc 0.9652630857142851
Val loss: 0.1996390390467931 val acc: 0.9584884433734945
Epoch 151 Train loss: 0.18960167361157282 Train acc 0.9650264
Epoch 152 Train loss: 0.18894236570312864 Train acc 0.9654911466666664
Epoch 153 Train loss: 0.1896431383987268 Train acc 0.9651486323809527
Epoch 154 Train loss: 0.18884296768477984 Train acc 0.9656068419047621
Epoch 155 Train loss: 0.18918949046305247 Train acc 0.9654558704761907
Val loss: 0.19928834775844254 val acc: 0.9586449118072292
Epoch 156 Train loss: 0.18984650323788324 Train acc 0.9649164571428569
Epoch 157 Train loss: 0.18874578887508028 Train acc 0.9657093257142855
Epoch 158 Train loss: 0.18993895163848287 Train acc 0.9649639314285714
Epoch 159 Train loss: 0.18900442797513234 Train acc 0.9656892647619051
Epoch 160 Train loss: 0.18861418448033787 Train acc 0.9657544761904762
Val loss: 0.19846201320010495 val acc: 0.9591914255421683
Epoch 161 Train loss: 0.18861107989436104 Train acc 0.9656928076190474
Epoch 162 Train loss: 0.1887091671427091 Train acc 0.965639276190476
Epoch 163 Train loss: 0.18887295573949814 Train acc 0.965604998095238
Epoch 164 Train loss: 0.1888576133974961 Train acc 0.9656846552380957
Epoch 165 Train loss: 0.18889383120196207 Train acc 0.9654620266666664
Val loss: 0.19831494277859307 val acc: 0.9592624424096389
Epoch 166 Train loss: 0.1887196870077224 Train acc 0.9656040533333335
Epoch 167 Train loss: 0.18836314639165289 Train acc 0.9660639847619052
Epoch 168 Train loss: 0.1884232307119029 Train acc 0.96582848
Epoch 169 Train loss: 0.1885290498889628 Train acc 0.9657494171428569
Epoch 170 Train loss: 0.19016852957152186 Train acc 0.9646402361904765
Val loss: 0.19929861537663332 val acc: 0.958666779759036
Epoch 171 Train loss: 0.188325978460766 Train acc 0.9659864457142857
Epoch 172 Train loss: 0.18848338989274843 Train acc 0.9658444723809525
Epoch 173 Train loss: 0.18868619380962282 Train acc 0.9657679009523815
Epoch 174 Train loss: 0.18815357167096364 Train acc 0.9661200228571429
Epoch 175 Train loss: 0.18822678622035754 Train acc 0.966200594285714
Val loss: 0.1981656861053892 val acc: 0.9595142477108435
Epoch 176 Train loss: 0.18832925228135927 Train acc 0.9659692571428568
Epoch 177 Train loss: 0.1886310809779735 Train acc 0.9656434590476193
Epoch 178 Train loss: 0.18827819416210764 Train acc 0.9660295619047616
Epoch 179 Train loss: 0.18806913512803258 Train acc 0.9660613714285711
Epoch 180 Train loss: 0.18812191379921778 Train acc 0.9660976990476196
Val loss: 0.19809986453458486 val acc: 0.9594132510843373
Epoch 181 Train loss: 0.188113095504897 Train acc 0.9661404876190474
Epoch 182 Train loss: 0.1885260467727979 Train acc 0.9658563428571428
Epoch 183 Train loss: 0.18827464307347933 Train acc 0.9659502628571426
Epoch 184 Train loss: 0.18795631134084292 Train acc 0.9660956266666665
Epoch 185 Train loss: 0.18792649518166268 Train acc 0.9663039847619048
Val loss: 0.198475686990353 val acc: 0.9591783942168673
Epoch 186 Train loss: 0.18805228049556413 Train acc 0.9662389790476188
Epoch 187 Train loss: 0.18811968713998795 Train acc 0.9660402361904763
Epoch 188 Train loss: 0.1877088106813885 Train acc 0.9663975923809518
Epoch 189 Train loss: 0.18801019624585197 Train acc 0.9662262323809521
Epoch 190 Train loss: 0.1879437058454468 Train acc 0.9661885790476187
Val loss: 0.19844567775726318 val acc: 0.9591983498795184
Epoch 191 Train loss: 0.18832988966078984 Train acc 0.9657755504761903
Epoch 192 Train loss: 0.18858448486952556 Train acc 0.965723786666666
Epoch 193 Train loss: 0.18810694097053438 Train acc 0.9661582552380947
Epoch 194 Train loss: 0.18780674182233356 Train acc 0.9663057752380954
Epoch 195 Train loss: 0.18927457981875964 Train acc 0.9652585980952376
Val loss: 0.20022406752210065 val acc: 0.9579843392771077
Epoch 196 Train loss: 0.18764449638270198 Train acc 0.9664005714285715
Epoch 197 Train loss: 0.1878445072188264 Train acc 0.9662443504761907
Epoch 198 Train loss: 0.18810049852445013 Train acc 0.9661351923809527
Epoch 199 Train loss: 0.18771999808294432 Train acc 0.9662707200000001
Epoch 200 Train loss: 0.1896031420855295 Train acc 0.9651565409523807
Val loss: 0.19896604488772082 val acc: 0.9590030959036148
Epoch 201 Train loss: 0.18770637398674375 Train acc 0.966401592380952
Epoch 202 Train loss: 0.18761533073016576 Train acc 0.9664532647619043
Epoch 203 Train loss: 0.18769021633835065 Train acc 0.9664177142857142
Epoch 204 Train loss: 0.18740292390187582 Train acc 0.9666005866666665
Epoch 205 Train loss: 0.1873879290762402 Train acc 0.96645968
Val loss: 0.1985374055353992 val acc: 0.9590321657831329
Epoch 206 Train loss: 0.1872743277677468 Train acc 0.966663459047619
Epoch 207 Train loss: 0.18752391139666238 Train acc 0.9664341333333331
Epoch 208 Train loss: 0.18738989248162224 Train acc 0.9666079923809525
Epoch 209 Train loss: 0.18748571617262705 Train acc 0.9665570895238098
Epoch 210 Train loss: 0.1872792091398012 Train acc 0.9666882057142858
Val loss: 0.19820588818156576 val acc: 0.9593681118072289
Epoch 211 Train loss: 0.18755787415873437 Train acc 0.966469706666667
Epoch 212 Train loss: 0.187344173767737 Train acc 0.9666693561904761
Epoch 213 Train loss: 0.18731462653903735 Train acc 0.9665727542857139
Epoch 214 Train loss: 0.18743813392661868 Train acc 0.9667264838095238
Epoch 215 Train loss: 0.18763805464619682 Train acc 0.966358552380953
Val loss: 0.19826168647731643 val acc: 0.9593296501204818
Epoch 216 Train loss: 0.18722350682531083 Train acc 0.9667221257142857
Epoch 217 Train loss: 0.18719123339369184 Train acc 0.9667689295238089
Epoch 218 Train loss: 0.18714144009919392 Train acc 0.9667498666666668
Epoch 219 Train loss: 0.1870953422926721 Train acc 0.9668083961904761
Epoch 220 Train loss: 0.18754157707804725 Train acc 0.9666184228571426
Val loss: 0.1979629466512117 val acc: 0.9596651180722896
Epoch 221 Train loss: 0.1870562955737114 Train acc 0.9668737295238098
Epoch 222 Train loss: 0.18716013537985937 Train acc 0.9666957638095238
Epoch 223 Train loss: 0.18724831477517173 Train acc 0.9666423999999997
Epoch 224 Train loss: 0.18724378499956357 Train acc 0.9667489219047621
Epoch 225 Train loss: 0.1870307805282729 Train acc 0.9668175619047616
Val loss: 0.19791525261229778 val acc: 0.9595713233734943
Epoch 226 Train loss: 0.18704808290515626 Train acc 0.9667593066666667
Epoch 227 Train loss: 0.18705690510216214 Train acc 0.9668860038095239
Epoch 228 Train loss: 0.1872336750938779 Train acc 0.966735276190476
Epoch 229 Train loss: 0.1869403040480046 Train acc 0.9668864838095237
Epoch 230 Train loss: 0.18742995922054564 Train acc 0.9666305295238096
Val loss: 0.19793556675494436 val acc: 0.959613193253012
Epoch 231 Train loss: 0.18698174382249513 Train acc 0.9668540952380954
Epoch 232 Train loss: 0.18696095652523495 Train acc 0.96686736
Epoch 233 Train loss: 0.18687143904112635 Train acc 0.966918742857143
Epoch 234 Train loss: 0.18706466044698442 Train acc 0.9669204419047617
Epoch 235 Train loss: 0.18697960071620487 Train acc 0.9669536990476189
Val loss: 0.1982545004372137 val acc: 0.9593793233734939
Epoch 236 Train loss: 0.18696401747209684 Train acc 0.9668877257142854
Epoch 237 Train loss: 0.18712343594857625 Train acc 0.9667677485714282
Epoch 238 Train loss: 0.18689666067560515 Train acc 0.9668495923809527
Epoch 239 Train loss: 0.1870147449274858 Train acc 0.966800259047619
Epoch 240 Train loss: 0.18693288185057186 Train acc 0.9669458133333334
Val loss: 0.19832419900290937 val acc: 0.959335479518072
Epoch 241 Train loss: 0.1870554687366599 Train acc 0.9668505066666666
Epoch 242 Train loss: 0.18685194406481015 Train acc 0.9670138057142856
Epoch 243 Train loss: 0.18690606117958114 Train acc 0.9668211885714284
Epoch 244 Train loss: 0.1867986958296526 Train acc 0.9670089371428574
Epoch 245 Train loss: 0.18677960921611106 Train acc 0.9670126628571433
Val loss: 0.1981101405010166 val acc: 0.9594510650602409
Epoch 246 Train loss: 0.18682240943113962 Train acc 0.9669130742857147
Epoch 247 Train loss: 0.18675554863044194 Train acc 0.9670116190476189
Epoch 248 Train loss: 0.18670061443533217 Train acc 0.9670980266666662
Epoch 249 Train loss: 0.18684747690955797 Train acc 0.9669501104761904
Epoch 250 Train loss: 0.18665846721047447 Train acc 0.9671081676190479
Val loss: 0.19813759589051627 val acc: 0.959433145060241
Epoch 251 Train loss: 0.186833576609691 Train acc 0.9669563047619041
Epoch 252 Train loss: 0.1866516891334738 Train acc 0.9671248838095239
Epoch 253 Train loss: 0.18666391358489082 Train acc 0.9670564876190478
Epoch 254 Train loss: 0.18669470807626135 Train acc 0.9670349257142858
Epoch 255 Train loss: 0.18674037374910854 Train acc 0.9670168380952381
Val loss: 0.19797491318131066 val acc: 0.9595343730120479
Epoch 256 Train loss: 0.1869351691788151 Train acc 0.9668339047619043
Epoch 257 Train loss: 0.1866240528013025 Train acc 0.9670881066666666
Epoch 258 Train loss: 0.18665689850846925 Train acc 0.9670975085714287
Epoch 259 Train loss: 0.1866673119366169 Train acc 0.9670142552380954
Epoch 260 Train loss: 0.18660602257365272 Train acc 0.967094163809524
Val loss: 0.19792355076376214 val acc: 0.9595445204819276
Epoch 261 Train loss: 0.18660229515461696 Train acc 0.9671794742857148
Epoch 262 Train loss: 0.18665290464247977 Train acc 0.9670863085714286
Epoch 263 Train loss: 0.1865356626609961 Train acc 0.9671888533333336
Epoch 264 Train loss: 0.1865538660259474 Train acc 0.9671408304761907
Epoch 265 Train loss: 0.1866190100000018 Train acc 0.9670999695238097
Val loss: 0.1982941982078265 val acc: 0.9592905253012045
Epoch 266 Train loss: 0.1865492026720728 Train acc 0.9671731123809527
Epoch 267 Train loss: 0.18650539041984648 Train acc 0.9671837942857143
Epoch 268 Train loss: 0.18654823746709598 Train acc 0.9671436952380953
Epoch 269 Train loss: 0.186615762788625 Train acc 0.9671205638095237
Epoch 270 Train loss: 0.18657239278157553 Train acc 0.9671428495238095
Val loss: 0.1980626102851098 val acc: 0.959458806746988
Epoch 271 Train loss: 0.1865878470596813 Train acc 0.9671310171428577
Epoch 272 Train loss: 0.18651058489368075 Train acc 0.967134163809524
Epoch 273 Train loss: 0.1865138312180837 Train acc 0.9671829942857142
Epoch 274 Train loss: 0.1864637051309858 Train acc 0.9672291657142854
Epoch 275 Train loss: 0.1866115659830116 Train acc 0.967104243809524
Val loss: 0.19841395156929292 val acc: 0.9592071093975902
Epoch 276 Train loss: 0.18646778680738949 Train acc 0.967234704761905
Epoch 277 Train loss: 0.18650722521401586 Train acc 0.9671629104761905
Epoch 278 Train loss: 0.1865152633261113 Train acc 0.9672300647619049
Epoch 279 Train loss: 0.1864868760818527 Train acc 0.9672396571428572
Epoch 280 Train loss: 0.18647416290782748 Train acc 0.9671786438095238
Val loss: 0.19824822166238923 val acc: 0.9593301127710843
Epoch 281 Train loss: 0.1864821816838923 Train acc 0.9671676266666667
Epoch 282 Train loss: 0.18650084609786668 Train acc 0.9672350704761908
Epoch 283 Train loss: 0.18643816613725253 Train acc 0.9672745447619049
Epoch 284 Train loss: 0.18653423126254762 Train acc 0.9671698895238098
Epoch 285 Train loss: 0.18647845231351398 Train acc 0.9672197028571425
Val loss: 0.19818344164684595 val acc: 0.9593963643373498
Epoch 286 Train loss: 0.18642682475703104 Train acc 0.967246331428571
Epoch 287 Train loss: 0.1864314992867765 Train acc 0.9672590399999996
Epoch 288 Train loss: 0.1864034262086664 Train acc 0.9672858971428572
Epoch 289 Train loss: 0.18654014471740948 Train acc 0.9671911847619048
Epoch 290 Train loss: 0.18638438766910917 Train acc 0.9672672685714283
Val loss: 0.19812631660915284 val acc: 0.9594306313253005
Epoch 291 Train loss: 0.1865069188532375 Train acc 0.967244441904762
Epoch 292 Train loss: 0.18644500044839724 Train acc 0.9672305904761903
Epoch 293 Train loss: 0.18642827797503697 Train acc 0.9672346590476193
Epoch 294 Train loss: 0.18638815446978524 Train acc 0.9672712457142859
Epoch 295 Train loss: 0.18636122984545572 Train acc 0.9673160685714292
Val loss: 0.19801605519760085 val acc: 0.9595318130120484
Epoch 296 Train loss: 0.18636699694962727 Train acc 0.9672523352380951
Epoch 297 Train loss: 0.1863547063299588 Train acc 0.9672380647619049
Epoch 298 Train loss: 0.18646902750645364 Train acc 0.9672646323809518
Epoch 299 Train loss: 0.18632327303999946 Train acc 0.9672659428571431
Epoch 300 Train loss: 0.1863106308238847 Train acc 0.967319443809524
Val loss: 0.19800212108586207 val acc: 0.9595224057831325
Epoch 301 Train loss: 0.18625631875225476 Train acc 0.9673694628571431
Epoch 302 Train loss: 0.18626672934208596 Train acc 0.9673298514285714
Epoch 303 Train loss: 0.18623539113572665 Train acc 0.9673479619047621
Epoch 304 Train loss: 0.18638576691349348 Train acc 0.9672918857142854
Epoch 305 Train loss: 0.18632352281184422 Train acc 0.9673223695238097
Val loss: 0.19802369482545967 val acc: 0.9594884780722888
Epoch 306 Train loss: 0.18632532762629644 Train acc 0.9673551085714284
Epoch 307 Train loss: 0.1863542761476267 Train acc 0.9673045790476192
Epoch 308 Train loss: 0.186347905369032 Train acc 0.9673508419047623
Epoch 309 Train loss: 0.18643559462257794 Train acc 0.9671880000000007
Epoch 310 Train loss: 0.1862863905373074 Train acc 0.9673330590476196
Val loss: 0.1981025367795703 val acc: 0.9594493686746985
Epoch 311 Train loss: 0.18625751403825624 Train acc 0.9673860419047619
Epoch 312 Train loss: 0.18623535299584978 Train acc 0.9673429485714289
Epoch 313 Train loss: 0.18626558106570018 Train acc 0.9673455238095242
Epoch 314 Train loss: 0.18628917315176555 Train acc 0.9672975009523812
Epoch 315 Train loss: 0.18621129258757546 Train acc 0.9673635428571433
Val loss: 0.19806429420609073 val acc: 0.9594647132530121
Epoch 316 Train loss: 0.1862185350841 Train acc 0.9673746133333332
Epoch 317 Train loss: 0.18624739756896383 Train acc 0.9673827047619047
Epoch 318 Train loss: 0.18621250614523888 Train acc 0.9673248914285717
Epoch 319 Train loss: 0.1862054495584397 Train acc 0.9673765790476188
Epoch 320 Train loss: 0.1862251687617529 Train acc 0.9673720380952376
Val loss: 0.198113415165838 val acc: 0.9594362756626507
Epoch 321 Train loss: 0.18620379411038898 Train acc 0.9673962133333334
Epoch 322 Train loss: 0.18632321574148678 Train acc 0.9673386438095241
Epoch 323 Train loss: 0.1861598477477119 Train acc 0.9674264457142857
Epoch 324 Train loss: 0.1862155044717448 Train acc 0.9673578666666666
Epoch 325 Train loss: 0.18628119482170968 Train acc 0.967313356190476
Val loss: 0.19810509268777915 val acc: 0.9594284877108439
Epoch 326 Train loss: 0.18628997994320734 Train acc 0.967326483809524
Epoch 327 Train loss: 0.18621577003172465 Train acc 0.9674023771428569
Epoch 328 Train loss: 0.18632012800801367 Train acc 0.9673309866666667
Epoch 329 Train loss: 0.18623560223551022 Train acc 0.967396281904762
Epoch 330 Train loss: 0.18620707236585163 Train acc 0.9673873828571425
Val loss: 0.1980278277433062 val acc: 0.9594956183132527
Epoch 331 Train loss: 0.18616480149683498 Train acc 0.9673984380952378
Epoch 332 Train loss: 0.18629652102078711 Train acc 0.9673236876190472
Epoch 333 Train loss: 0.1863542910487879 Train acc 0.9673255923809526
Epoch 334 Train loss: 0.18618458048218772 Train acc 0.9673928304761903
Epoch 335 Train loss: 0.18613912644130842 Train acc 0.9674448
Val loss: 0.1980867303279509 val acc: 0.959473719518072
Epoch 336 Train loss: 0.18617454313096546 Train acc 0.9674065295238095
Epoch 337 Train loss: 0.1861518452919665 Train acc 0.9674231314285713
Epoch 338 Train loss: 0.18612942046352796 Train acc 0.9674253104761907
Epoch 339 Train loss: 0.18609693398078284 Train acc 0.9674440457142855
Epoch 340 Train loss: 0.18622246632973352 Train acc 0.9673721523809524
Val loss: 0.19813664095947542 val acc: 0.9594238149397587
Epoch 341 Train loss: 0.18619212969428017 Train acc 0.967383428571429
Epoch 342 Train loss: 0.18615081338655382 Train acc 0.9673841523809523
Epoch 343 Train loss: 0.1861267187410877 Train acc 0.9674289600000003
Epoch 344 Train loss: 0.18619184586263837 Train acc 0.967356937142857
Epoch 345 Train loss: 0.1861382612869853 Train acc 0.9674181561904763
Val loss: 0.19794868336743618 val acc: 0.9595408192771083
Epoch 346 Train loss: 0.18618286099462283 Train acc 0.9674034133333336
Epoch 347 Train loss: 0.18608306862768673 Train acc 0.9674782704761904
Epoch 348 Train loss: 0.186242037940593 Train acc 0.9673871009523809
Epoch 349 Train loss: 0.18615888094618208 Train acc 0.9674572114285714
Epoch 350 Train loss: 0.186139339137645 Train acc 0.9674420114285716
Val loss: 0.1980497379259891 val acc: 0.9594872906024098
Epoch 351 Train loss: 0.18607508976544654 Train acc 0.9674710933333331
Epoch 352 Train loss: 0.18609795240419252 Train acc 0.9674687771428572
Epoch 353 Train loss: 0.18620401478949047 Train acc 0.9674047085714286
Epoch 354 Train loss: 0.18613051090921676 Train acc 0.9674501714285716
Epoch 355 Train loss: 0.18613677170305026 Train acc 0.9674192380952379
Val loss: 0.19805795519825925 val acc: 0.9594708510843374
Epoch 356 Train loss: 0.18609692848154477 Train acc 0.9674399009523807
Epoch 357 Train loss: 0.18612690110291755 Train acc 0.967452182857143
Epoch 358 Train loss: 0.18606187420941533 Train acc 0.9674739580952378
Epoch 359 Train loss: 0.18615039987933069 Train acc 0.9674124799999998
Epoch 360 Train loss: 0.18607374741917565 Train acc 0.967487321904762
Val loss: 0.19808651991637358 val acc: 0.9594708819277104
Epoch 361 Train loss: 0.1861278544224444 Train acc 0.96746272
Epoch 362 Train loss: 0.18607101181433314 Train acc 0.9674821714285716
Epoch 363 Train loss: 0.18610683225450061 Train acc 0.9674389790476192
Epoch 364 Train loss: 0.18610821522417523 Train acc 0.9674517714285715
Epoch 365 Train loss: 0.1861152643603938 Train acc 0.967444121904762
Val loss: 0.19807064874344563 val acc: 0.9594664250602408
