INFO:root:---------Prepare DataSet for CLSTM--------
INFO:root:Load enhanced dataset before DataLoader from cache at dataset_cache/dataset_cache_CREMI
INFO:root:Start Training CLSTM
GPU:  4
Epoch 1 Train loss: 0.4768033733680135 Train acc 0.8019585295238096
Epoch 2 Train loss: 0.45509466741766247 Train acc 0.803164015238095
Epoch 3 Train loss: 0.4461069277354649 Train acc 0.8031668342857143
Epoch 4 Train loss: 0.4426867617737679 Train acc 0.8093730565079366
Epoch 5 Train loss: 0.47455453624327976 Train acc 0.7839449726984127
Val loss: 0.46118256000869245 val acc: 0.7929469892369481
Epoch 6 Train loss: 0.37649555326927275 Train acc 0.8418750146031745
Epoch 7 Train loss: 0.3580981798115231 Train acc 0.8543373307936507
Epoch 8 Train loss: 0.3415124639868736 Train acc 0.8708661485714282
Epoch 9 Train loss: 0.3459830546662921 Train acc 0.8619182120634922
Epoch 10 Train loss: 0.37277354512895855 Train acc 0.8507424203174603
Val loss: 0.36692333849797765 val acc: 0.8527159620883534
Epoch 11 Train loss: 0.3112254852340335 Train acc 0.8940202234920636
Epoch 12 Train loss: 0.3073338976218587 Train acc 0.8980110526984129
Epoch 13 Train loss: 0.29641037789129077 Train acc 0.9044922082539686
Epoch 14 Train loss: 0.28236098729428794 Train acc 0.9154158755555554
Epoch 15 Train loss: 0.274185826026258 Train acc 0.9221004673015871
Val loss: 0.27024844073387516 val acc: 0.9239170570281121
Epoch 16 Train loss: 0.2705872303673199 Train acc 0.9240539809523812
Epoch 17 Train loss: 0.2660956709157853 Train acc 0.9248873117460321
Epoch 18 Train loss: 0.2637940716175806 Train acc 0.9252920685714284
Epoch 19 Train loss: 0.26094941990006537 Train acc 0.9292277968253967
Epoch 20 Train loss: 0.2628060409000942 Train acc 0.9251840177777776
Val loss: 0.262348711221333 val acc: 0.92486491502008
Epoch 21 Train loss: 0.24960172034445263 Train acc 0.9361946666666663
Epoch 22 Train loss: 0.24839827028058825 Train acc 0.9371145676190474
Epoch 23 Train loss: 0.24413237383677847 Train acc 0.940349132698413
Epoch 24 Train loss: 0.25056121604783194 Train acc 0.9365978133333337
Epoch 25 Train loss: 0.24982672539495288 Train acc 0.9353520990476188
Val loss: 0.2468375382294138 val acc: 0.93679513188755
Epoch 26 Train loss: 0.2574445809282008 Train acc 0.9282624304761902
Epoch 27 Train loss: 0.2381460326058524 Train acc 0.9400818285714285
Epoch 28 Train loss: 0.23468804306217603 Train acc 0.9423146336507942
Epoch 29 Train loss: 0.2325076631137303 Train acc 0.9442853993650796
Epoch 30 Train loss: 0.23162084693710008 Train acc 0.9442515911111118
Val loss: 0.2305179892713765 val acc: 0.9447112379116462
Epoch 31 Train loss: 0.23052616612542243 Train acc 0.9456296711111111
Epoch 32 Train loss: 0.2270952702632972 Train acc 0.9477861155555555
Epoch 33 Train loss: 0.2369928697035426 Train acc 0.9406726704761906
Epoch 34 Train loss: 0.23754516421329408 Train acc 0.9411091784126985
Epoch 35 Train loss: 0.2301894183314982 Train acc 0.9454344914285713
Val loss: 0.23066453913967294 val acc: 0.9446948395180721
Epoch 36 Train loss: 0.2277060802138987 Train acc 0.9470928685714283
Epoch 37 Train loss: 0.2639044129422733 Train acc 0.9220343288888894
Epoch 38 Train loss: 0.22844122793702853 Train acc 0.946186813968254
Epoch 39 Train loss: 0.2253705607283683 Train acc 0.9480263238095236
Epoch 40 Train loss: 0.22253432994087538 Train acc 0.9500945422222218
Val loss: 0.22278286112719273 val acc: 0.9495044472289161
Epoch 41 Train loss: 0.22242172807455063 Train acc 0.9503045079365082
Epoch 42 Train loss: 0.22488730347582273 Train acc 0.948411194920635
Epoch 43 Train loss: 0.22000942911420548 Train acc 0.9521651987301589
Epoch 44 Train loss: 0.23610864278106464 Train acc 0.9415451326984129
Epoch 45 Train loss: 0.22263745679741814 Train acc 0.9499785473015872
Val loss: 0.2232640160315008 val acc: 0.9492572427309237
Epoch 46 Train loss: 0.21774016551318623 Train acc 0.9533542222222229
Epoch 47 Train loss: 0.2209085568430878 Train acc 0.9511249879365079
Epoch 48 Train loss: 0.21763038812648683 Train acc 0.953416817777778
Epoch 49 Train loss: 0.21722079600606645 Train acc 0.9535907377777775
Epoch 50 Train loss: 0.21772007502260662 Train acc 0.9535083047619048
Val loss: 0.21936246250049177 val acc: 0.9520355058634536
Epoch 51 Train loss: 0.2162115621779646 Train acc 0.9541657396825398
Epoch 52 Train loss: 0.21457993718130247 Train acc 0.955429363809524
Epoch 53 Train loss: 0.21773780314695268 Train acc 0.9534916342857139
Epoch 54 Train loss: 0.2149918553020273 Train acc 0.955353523809524
Epoch 55 Train loss: 0.21416329911776952 Train acc 0.9557231898412697
Val loss: 0.21473190924489355 val acc: 0.9549796086746984
Epoch 56 Train loss: 0.2137573373814424 Train acc 0.9559849193650789
Epoch 57 Train loss: 0.21316013254580043 Train acc 0.9564634057142859
Epoch 58 Train loss: 0.21535115476165498 Train acc 0.9549054298412695
Epoch 59 Train loss: 0.21601018203156336 Train acc 0.9544495238095236
Epoch 60 Train loss: 0.21354089553157488 Train acc 0.9560094374603176
Val loss: 0.21426889641457295 val acc: 0.955177273574297
Epoch 61 Train loss: 0.21381946191901252 Train acc 0.9560131403174608
Epoch 62 Train loss: 0.21463431417942047 Train acc 0.9552768685714286
Epoch 63 Train loss: 0.2130197086149738 Train acc 0.9564142730158729
Epoch 64 Train loss: 0.21507274731993675 Train acc 0.9549413333333329
Epoch 65 Train loss: 0.21315451285668782 Train acc 0.9562485536507936
Val loss: 0.21348707216331758 val acc: 0.9556917821686745
Epoch 66 Train loss: 0.2123335793259598 Train acc 0.9568187530158732
Epoch 67 Train loss: 0.21542494956936156 Train acc 0.9545466082539688
Epoch 68 Train loss: 0.21482923307589122 Train acc 0.9550443403174599
Epoch 69 Train loss: 0.21119819102542742 Train acc 0.9576118476190474
Epoch 70 Train loss: 0.21085522731854803 Train acc 0.9579210869841271
Val loss: 0.2125751710081675 val acc: 0.9563770036947788
Epoch 71 Train loss: 0.21198778759155953 Train acc 0.9569232330158728
Epoch 72 Train loss: 0.21077286576231322 Train acc 0.9579776558730158
Epoch 73 Train loss: 0.2110960146500951 Train acc 0.9576917003174605
Epoch 74 Train loss: 0.2109209801114741 Train acc 0.9577911923809526
Epoch 75 Train loss: 0.21221661124201047 Train acc 0.9568642285714287
Val loss: 0.21276154961571636 val acc: 0.9561296141365457
Epoch 76 Train loss: 0.21004227690753483 Train acc 0.9583777117460317
Epoch 77 Train loss: 0.21042740664311818 Train acc 0.9581119923809528
Epoch 78 Train loss: 0.21978724818854106 Train acc 0.951143763809524
Epoch 79 Train loss: 0.21122807335285915 Train acc 0.957441655873016
Epoch 80 Train loss: 0.2130125599602858 Train acc 0.9561772698412703
Val loss: 0.21326282638383198 val acc: 0.9557237821686752
Epoch 81 Train loss: 0.21035707209791457 Train acc 0.9581315123809523
Epoch 82 Train loss: 0.21126296655053184 Train acc 0.9573286146031743
Epoch 83 Train loss: 0.21291185081714675 Train acc 0.9562733053968258
Epoch 84 Train loss: 0.2099364281055473 Train acc 0.9584131961904765
Epoch 85 Train loss: 0.20967267276275725 Train acc 0.9585921676190475
Val loss: 0.21143906707146082 val acc: 0.9571181134136545
Epoch 86 Train loss: 0.20958603865333966 Train acc 0.958748759365079
Epoch 87 Train loss: 0.216593470956598 Train acc 0.9537680152380952
Epoch 88 Train loss: 0.20862360671162605 Train acc 0.9593234463492066
Epoch 89 Train loss: 0.20981785140576817 Train acc 0.9582231415873017
Epoch 90 Train loss: 0.2107922997148264 Train acc 0.957589633015873
Val loss: 0.21337307217609452 val acc: 0.9554433542168674
Epoch 91 Train loss: 0.208383816161326 Train acc 0.9593980825396825
Epoch 92 Train loss: 0.20904822505655743 Train acc 0.9589250971428571
Epoch 93 Train loss: 0.21402340329119138 Train acc 0.9557366603174606
Epoch 94 Train loss: 0.20854084672672407 Train acc 0.959301335873016
Epoch 95 Train loss: 0.2083926419062274 Train acc 0.9594175974603176
Val loss: 0.21026638078402324 val acc: 0.9578496873895584
Epoch 96 Train loss: 0.20954875080358415 Train acc 0.9585063898412697
Epoch 97 Train loss: 0.2084497037742819 Train acc 0.959259139047619
Epoch 98 Train loss: 0.20864754915237427 Train acc 0.9592845384126982
Epoch 99 Train loss: 0.21182122276652426 Train acc 0.9569196215873018
Epoch 100 Train loss: 0.20871257462671824 Train acc 0.9591303517460313
Val loss: 0.21042709680924931 val acc: 0.9576674595983938
Epoch 101 Train loss: 0.20728642954712823 Train acc 0.9600972190476187
Epoch 102 Train loss: 0.20723469839209602 Train acc 0.9601446704761908
Epoch 103 Train loss: 0.20769871061756498 Train acc 0.9598548215873021
Epoch 104 Train loss: 0.20680107282740728 Train acc 0.9604645993650797
Epoch 105 Train loss: 0.2065366001001426 Train acc 0.9606689371428574
Val loss: 0.20891153659806194 val acc: 0.9586457754216868
Epoch 106 Train loss: 0.20695854936327254 Train acc 0.9603995377777775
Epoch 107 Train loss: 0.2069470552461488 Train acc 0.9603819174603178
Epoch 108 Train loss: 0.20624946465804464 Train acc 0.9608417498412698
Epoch 109 Train loss: 0.20676804050093606 Train acc 0.9603862958730163
Epoch 110 Train loss: 0.20649365211526552 Train acc 0.9606182400000001
Val loss: 0.20876021997397204 val acc: 0.9586902875502005
Epoch 111 Train loss: 0.20696212546456427 Train acc 0.9603448152380956
Epoch 112 Train loss: 0.20818300580694563 Train acc 0.9594286577777776
Epoch 113 Train loss: 0.20757048949599266 Train acc 0.9597154158730161
Epoch 114 Train loss: 0.2064203761872791 Train acc 0.9606923657142856
Epoch 115 Train loss: 0.20646679348179273 Train acc 0.9606595758730155
Val loss: 0.2085635600140296 val acc: 0.958833385381526
Epoch 116 Train loss: 0.20631267733517147 Train acc 0.9607550704761907
Epoch 117 Train loss: 0.20770854378739992 Train acc 0.9597380165079363
Epoch 118 Train loss: 0.20660497407828057 Train acc 0.9606027961904764
Epoch 119 Train loss: 0.2065744572097347 Train acc 0.9604557053968252
Epoch 120 Train loss: 0.20797524086776234 Train acc 0.9594862628571432
Val loss: 0.2099266532494361 val acc: 0.9578265857028105
Epoch 121 Train loss: 0.20610144450550988 Train acc 0.9608674590476189
Epoch 122 Train loss: 0.20576711353801547 Train acc 0.961107776507937
Epoch 123 Train loss: 0.20595659014014972 Train acc 0.960975791746032
Epoch 124 Train loss: 0.20582580761540503 Train acc 0.961053338412698
Epoch 125 Train loss: 0.2056827067974068 Train acc 0.9611537422222224
Val loss: 0.20819291526294617 val acc: 0.9590580947791162
Epoch 126 Train loss: 0.20571681537798472 Train acc 0.9611822450793651
Epoch 127 Train loss: 0.20535299057761827 Train acc 0.9614452063492065
Epoch 128 Train loss: 0.20627304627781823 Train acc 0.9607075758730159
Epoch 129 Train loss: 0.2058603497488158 Train acc 0.9610868342857147
Epoch 130 Train loss: 0.20539834031036922 Train acc 0.9613750933333329
Val loss: 0.20803030328937325 val acc: 0.9591864494779113
Epoch 131 Train loss: 0.2067264664386 Train acc 0.9604319619047618
Epoch 132 Train loss: 0.20530560861031213 Train acc 0.9614042387301589
Epoch 133 Train loss: 0.2052430519390674 Train acc 0.9614418615873015
Epoch 134 Train loss: 0.20637088641524315 Train acc 0.9605580038095235
Epoch 135 Train loss: 0.20518056054910025 Train acc 0.9615121193650793
Val loss: 0.20809037624353385 val acc: 0.9590667926104409
Epoch 136 Train loss: 0.20560381614736148 Train acc 0.9612057371428574
Epoch 137 Train loss: 0.2052906034957795 Train acc 0.961363657142857
Epoch 138 Train loss: 0.20522074969041915 Train acc 0.9614072965079365
Epoch 139 Train loss: 0.20924172089213416 Train acc 0.9588220266666667
Epoch 140 Train loss: 0.2053405846513453 Train acc 0.9613538387301584
Val loss: 0.20785438206540532 val acc: 0.9592321593574294
Epoch 141 Train loss: 0.20532066073446048 Train acc 0.9613371453968252
Epoch 142 Train loss: 0.20480103843978473 Train acc 0.9617541180952387
Epoch 143 Train loss: 0.20532714096563204 Train acc 0.9613033625396822
Epoch 144 Train loss: 0.2050349460471244 Train acc 0.9615655898412699
Epoch 145 Train loss: 0.20526238885663806 Train acc 0.96140893968254
Val loss: 0.20793713754918203 val acc: 0.9592282268273091
Epoch 146 Train loss: 0.2047626966876643 Train acc 0.961813048888889
Epoch 147 Train loss: 0.20466977535259157 Train acc 0.9618489066666671
Epoch 148 Train loss: 0.20525908594330153 Train acc 0.961354062222222
Epoch 149 Train loss: 0.20438458965647788 Train acc 0.9620567593650797
Epoch 150 Train loss: 0.20568266333568663 Train acc 0.9611050412698415
Val loss: 0.20891323299652123 val acc: 0.9584938204016067
Epoch 151 Train loss: 0.204261581103007 Train acc 0.9621257625396825
Epoch 152 Train loss: 0.20422177868230001 Train acc 0.9622090996825394
Epoch 153 Train loss: 0.2042998726524058 Train acc 0.9620935796825395
Epoch 154 Train loss: 0.20476502446191652 Train acc 0.9617907428571429
Epoch 155 Train loss: 0.20413941535211744 Train acc 0.9622131073015875
Val loss: 0.20750751391232733 val acc: 0.9594959575903608
Epoch 156 Train loss: 0.20431528985500336 Train acc 0.9621049498412697
Epoch 157 Train loss: 0.20452482235573588 Train acc 0.9618614273015864
Epoch 158 Train loss: 0.20414980589633897 Train acc 0.9622264457142855
Epoch 159 Train loss: 0.20448083749839238 Train acc 0.9619918526984128
Epoch 160 Train loss: 0.2040120396940481 Train acc 0.9622753803174602
Val loss: 0.20744585892163128 val acc: 0.9595406856224896
Epoch 161 Train loss: 0.20396812561722028 Train acc 0.9623474895238098
Epoch 162 Train loss: 0.20389413248215402 Train acc 0.9623750476190475
Epoch 163 Train loss: 0.20388327911496162 Train acc 0.9624043885714284
Epoch 164 Train loss: 0.2044792106109006 Train acc 0.9619637765079361
Epoch 165 Train loss: 0.20442902208084152 Train acc 0.9620106412698414
Val loss: 0.2075651448713728 val acc: 0.9595192494779106
Epoch 166 Train loss: 0.2042631801395189 Train acc 0.9621362996825398
Epoch 167 Train loss: 0.2038851992360183 Train acc 0.9624249346031749
Epoch 168 Train loss: 0.2037430260153044 Train acc 0.9624658869841269
Epoch 169 Train loss: 0.20383661435473532 Train acc 0.9624060926984127
Epoch 170 Train loss: 0.20386700562777973 Train acc 0.9623612876190477
Val loss: 0.20717615634202957 val acc: 0.9596958072289157
Epoch 171 Train loss: 0.2039935989748864 Train acc 0.9622653180952376
Epoch 172 Train loss: 0.2043022878822826 Train acc 0.9620385955555562
Epoch 173 Train loss: 0.2036645400027434 Train acc 0.9625346082539682
Epoch 174 Train loss: 0.20399200809853418 Train acc 0.9622678552380955
Epoch 175 Train loss: 0.20383071757498242 Train acc 0.9623888584126977
Val loss: 0.20725387990115637 val acc: 0.9596378525301207
Epoch 176 Train loss: 0.20377285210859208 Train acc 0.9624625879365079
Epoch 177 Train loss: 0.20379676368264926 Train acc 0.9624641803174606
Epoch 178 Train loss: 0.20391941106035597 Train acc 0.9623752711111111
Epoch 179 Train loss: 0.2035805144835086 Train acc 0.9626072228571432
Epoch 180 Train loss: 0.2035782358476094 Train acc 0.9626171200000002
Val loss: 0.20727704339716807 val acc: 0.9596644086746993
Epoch 181 Train loss: 0.2036088609269687 Train acc 0.962550773333333
Epoch 182 Train loss: 0.2038037892253626 Train acc 0.9625276088888887
Epoch 183 Train loss: 0.20383168366693316 Train acc 0.9624024888888882
Epoch 184 Train loss: 0.20365447302659354 Train acc 0.9625475809523808
Epoch 185 Train loss: 0.20357009874922888 Train acc 0.9626019174603176
Val loss: 0.20719568467283822 val acc: 0.9596922602409637
Epoch 186 Train loss: 0.2036363993372236 Train acc 0.9624775923809528
Epoch 187 Train loss: 0.20353342326624052 Train acc 0.9625998044444444
Epoch 188 Train loss: 0.20375934012589 Train acc 0.9624217523809523
Epoch 189 Train loss: 0.20334853480259577 Train acc 0.9627471822222223
Epoch 190 Train loss: 0.20346226188398542 Train acc 0.9626329726984127
Val loss: 0.20719345856502833 val acc: 0.9596682229718876
Epoch 191 Train loss: 0.2034176392924218 Train acc 0.9627462704761901
Epoch 192 Train loss: 0.20354069024324417 Train acc 0.9625902907936509
Epoch 193 Train loss: 0.20358017175680115 Train acc 0.9625591923809518
Epoch 194 Train loss: 0.2042963547366006 Train acc 0.9621135009523811
Epoch 195 Train loss: 0.2033028936102277 Train acc 0.9627697269841269
Val loss: 0.20696850300553332 val acc: 0.9598551852208832
Epoch 196 Train loss: 0.20327797141813098 Train acc 0.9627836165079364
Epoch 197 Train loss: 0.20337781505215735 Train acc 0.9627023187301589
Epoch 198 Train loss: 0.20323974532740458 Train acc 0.9628062806349214
Epoch 199 Train loss: 0.20353995653845014 Train acc 0.9625732063492061
Epoch 200 Train loss: 0.20347406466801962 Train acc 0.9626321168253964
Val loss: 0.20710073061377168 val acc: 0.9597890981526105
Epoch 201 Train loss: 0.20299344563058444 Train acc 0.9629679517460317
Epoch 202 Train loss: 0.20304892850773676 Train acc 0.9629388825396828
Epoch 203 Train loss: 0.20300161838531494 Train acc 0.9629717053968256
Epoch 204 Train loss: 0.20308212102169082 Train acc 0.9629341663492061
Epoch 205 Train loss: 0.20303571880573318 Train acc 0.9629619657142856
Val loss: 0.20692470176033226 val acc: 0.959901697028112
Epoch 206 Train loss: 0.20346235253271602 Train acc 0.9626052977777775
Epoch 207 Train loss: 0.20308904048232806 Train acc 0.9628965282539681
Epoch 208 Train loss: 0.2030032958303179 Train acc 0.9629630755555557
Epoch 209 Train loss: 0.20310230872460774 Train acc 0.9629170082539683
Epoch 210 Train loss: 0.2030231933153811 Train acc 0.9629681955555556
Val loss: 0.20684258011450252 val acc: 0.95996660690763
Epoch 211 Train loss: 0.20289671208177293 Train acc 0.9630106412698411
Epoch 212 Train loss: 0.20296908436076982 Train acc 0.9629840736507937
Epoch 213 Train loss: 0.202914486151366 Train acc 0.9630086019047623
Epoch 214 Train loss: 0.20293448546103068 Train acc 0.9630141511111112
Epoch 215 Train loss: 0.20284642474282355 Train acc 0.9630590577777779
Val loss: 0.2067807715341269 val acc: 0.9599304070682737
Epoch 216 Train loss: 0.20279007156689963 Train acc 0.9631159161904763
Epoch 217 Train loss: 0.2029585385961192 Train acc 0.9629925993650797
Epoch 218 Train loss: 0.2028485013260728 Train acc 0.9630828292063491
Epoch 219 Train loss: 0.2028693769659315 Train acc 0.963061186031746
Epoch 220 Train loss: 0.2033807835763409 Train acc 0.9626725993650797
Val loss: 0.2070910560797496 val acc: 0.9597589384738952
Epoch 221 Train loss: 0.20284726843237877 Train acc 0.9630275631746037
Epoch 222 Train loss: 0.2030016231749739 Train acc 0.9630202920634919
Epoch 223 Train loss: 0.2030430350984846 Train acc 0.9629360457142856
Epoch 224 Train loss: 0.2029912280184882 Train acc 0.9630112457142855
Epoch 225 Train loss: 0.202800549389351 Train acc 0.9631442920634918
Val loss: 0.2070014000118497 val acc: 0.9598419174297188
Epoch 226 Train loss: 0.20340065746789887 Train acc 0.9627489904761903
Epoch 227 Train loss: 0.20288841373154096 Train acc 0.9630765003174605
Epoch 228 Train loss: 0.2028354968698252 Train acc 0.9631107073015877
Epoch 229 Train loss: 0.20272670260497502 Train acc 0.9631137066666665
Epoch 230 Train loss: 0.2027061324389208 Train acc 0.9631784177777772
Val loss: 0.20673167561910238 val acc: 0.960011643373494
Epoch 231 Train loss: 0.20287018677308447 Train acc 0.963060114285714
Epoch 232 Train loss: 0.20295375337203345 Train acc 0.9629808584126985
Epoch 233 Train loss: 0.20288415324120296 Train acc 0.9630794844444446
Epoch 234 Train loss: 0.20272024969259897 Train acc 0.9631872736507938
Epoch 235 Train loss: 0.20270790869281405 Train acc 0.9631312152380955
Val loss: 0.20667344241975302 val acc: 0.9599748986345386
Epoch 236 Train loss: 0.20282158291056043 Train acc 0.9630833346031742
Epoch 237 Train loss: 0.20278816067037128 Train acc 0.9630739860317458
Epoch 238 Train loss: 0.2026569273855005 Train acc 0.9632011657142857
Epoch 239 Train loss: 0.20284861219780786 Train acc 0.9630547809523813
Epoch 240 Train loss: 0.2025876541932424 Train acc 0.9632438171428571
Val loss: 0.20675329379288546 val acc: 0.959952506345382
Epoch 241 Train loss: 0.20282708356777826 Train acc 0.9630561193650794
Epoch 242 Train loss: 0.20456608775116147 Train acc 0.9618747657142857
Epoch 243 Train loss: 0.20257123275881722 Train acc 0.9632908368253968
Epoch 244 Train loss: 0.20253742592675344 Train acc 0.9632701358730164
Epoch 245 Train loss: 0.20284866577103025 Train acc 0.9631051936507932
Val loss: 0.207177594932447 val acc: 0.9597008192771085
Epoch 246 Train loss: 0.20259530487514676 Train acc 0.9632525765079366
Epoch 247 Train loss: 0.20262000425940468 Train acc 0.9632499809523807
Epoch 248 Train loss: 0.20279288487065406 Train acc 0.9630788673015878
Epoch 249 Train loss: 0.20274085835331962 Train acc 0.9630979809523803
Epoch 250 Train loss: 0.2026211658403987 Train acc 0.9632103949206344
Val loss: 0.2067052665424634 val acc: 0.9599847479518073
Epoch 251 Train loss: 0.2024746620584102 Train acc 0.9633437765079369
Epoch 252 Train loss: 0.20251792208069846 Train acc 0.963292177777778
Epoch 253 Train loss: 0.20250863528677396 Train acc 0.9633135949206348
Epoch 254 Train loss: 0.20256541137184417 Train acc 0.9632075834920636
Epoch 255 Train loss: 0.20243382844186963 Train acc 0.9633358450793652
Val loss: 0.2066863505955202 val acc: 0.9599744102811242
Epoch 256 Train loss: 0.202437388222842 Train acc 0.9633567390476188
Epoch 257 Train loss: 0.20244146918966657 Train acc 0.9633419580952379
Epoch 258 Train loss: 0.20252597810966627 Train acc 0.9633065777777781
Epoch 259 Train loss: 0.20274763252763522 Train acc 0.9631116012698412
Epoch 260 Train loss: 0.20246148552922977 Train acc 0.9633207212698416
Val loss: 0.2066405337438526 val acc: 0.9600352796787153
Epoch 261 Train loss: 0.20246109934080214 Train acc 0.9633201396825393
Epoch 262 Train loss: 0.20252206602266856 Train acc 0.9633054501587301
Epoch 263 Train loss: 0.20244357202734267 Train acc 0.9633571733333331
Epoch 264 Train loss: 0.20247497586976915 Train acc 0.9633179199999996
Epoch 265 Train loss: 0.20239395169275148 Train acc 0.9633709079365076
Val loss: 0.20664548963667398 val acc: 0.9600232147791171
Epoch 266 Train loss: 0.2024411525399912 Train acc 0.9633334349206351
Epoch 267 Train loss: 0.20238403443779265 Train acc 0.9634077790476195
Epoch 268 Train loss: 0.20233930523196855 Train acc 0.9634193980952381
Epoch 269 Train loss: 0.2024605112771193 Train acc 0.963332678095238
